127.0.0.1 -  -  [13/Mar/2015:13:38:14 +0000] "GET /geoserver/ HTTP/1.0" 302 1367 
0:0:0:0:0:0:0:1 -  -  [13/Mar/2015:13:38:15 +0000] "GET /geoserver/index.html HTTP/1.0" 200 657 
127.0.0.1 -  -  [13/Mar/2015:13:43:25 +0000] "GET /geoserver/ HTTP/1.0" 302 1367 
0:0:0:0:0:0:0:1 -  -  [13/Mar/2015:13:43:25 +0000] "GET /geoserver/index.html HTTP/1.0" 200 657 
127.0.0.1 -  -  [13/Mar/2015:13:46:16 +0000] "GET /geoserver/ HTTP/1.0" 302 1367 
0:0:0:0:0:0:0:1 -  -  [13/Mar/2015:13:46:16 +0000] "GET /geoserver/index.html HTTP/1.0" 200 657 
0:0:0:0:0:0:0:1 -  -  [13/Mar/2015:13:46:46 +0000] "GET / HTTP/1.1" 404 825 
0:0:0:0:0:0:0:1 -  -  [13/Mar/2015:13:46:46 +0000] "GET /favicon.ico HTTP/1.1" 200 1150 
0:0:0:0:0:0:0:1 -  -  [13/Mar/2015:13:46:48 +0000] "GET /geoserver HTTP/1.1" 302 0 
0:0:0:0:0:0:0:1 -  -  [13/Mar/2015:13:46:48 +0000] "GET /geoserver/ HTTP/1.1" 302 1367 
0:0:0:0:0:0:0:1 -  -  [13/Mar/2015:13:46:48 +0000] "GET /geoserver/index.html HTTP/1.1" 200 432 
0:0:0:0:0:0:0:1 -  -  [13/Mar/2015:13:46:48 +0000] "GET /geoserver/web HTTP/1.1" 302 0 
0:0:0:0:0:0:0:1 -  -  [13/Mar/2015:13:46:48 +0000] "GET /geoserver/web/ HTTP/1.1" 200 1880 
0:0:0:0:0:0:0:1 -  -  [13/Mar/2015:13:46:48 +0000] "GET /geoserver/web/resources/org.geoserver.web.demo.MapPreviewPage/mappreview_keyshortcut.js HTTP/1.1" 200 346 
0:0:0:0:0:0:0:1 -  -  [13/Mar/2015:13:46:48 +0000] "GET /geoserver/web/resources/org.geoserver.web.GeoServerBasePage/css/blueprint/screen.css HTTP/1.1" 200 1544 
0:0:0:0:0:0:0:1 -  -  [13/Mar/2015:13:46:48 +0000] "GET /geoserver/web/resources/org.geoserver.web.GeoServerBasePage/css/blueprint/print.css HTTP/1.1" 200 680 
0:0:0:0:0:0:0:1 -  -  [13/Mar/2015:13:46:48 +0000] "GET /geoserver/web/resources/org.geoserver.web.GeoServerBasePage/js/jquery.inline-info.js HTTP/1.1" 200 1126 
0:0:0:0:0:0:0:1 -  -  [13/Mar/2015:13:46:48 +0000] "GET /geoserver/web/resources/org.geoserver.web.GeoServerBasePage/css/geoserver.css HTTP/1.1" 200 4898 
0:0:0:0:0:0:0:1 -  -  [13/Mar/2015:13:46:48 +0000] "GET /geoserver/web/resources/org.geoserver.web.GeoServerBasePage/js/jquery-1.2.6.min.js HTTP/1.1" 200 16765 
0:0:0:0:0:0:0:1 -  -  [13/Mar/2015:13:46:48 +0000] "GET /geoserver/web/resources/org.geoserver.web.AboutGeoServerPage/img/icons/silk/help.png HTTP/1.1" 200 786 
0:0:0:0:0:0:0:1 -  -  [13/Mar/2015:13:46:48 +0000] "GET /geoserver/web/resources/org.geoserver.web.GeoServerBasePage/img/ajax-loader.gif HTTP/1.1" 200 3208 
0:0:0:0:0:0:0:1 -  -  [13/Mar/2015:13:46:48 +0000] "GET /geoserver/web/resources/org.geoserver.web.demo.MapPreviewPage/null/img/icons/geosilk/map.png HTTP/1.1" 200 804 
0:0:0:0:0:0:0:1 -  -  [13/Mar/2015:13:46:48 +0000] "GET /geoserver/web/resources/org.geoserver.web.GeoServerBasePage/img/logo.png HTTP/1.1" 200 6363 
0:0:0:0:0:0:0:1 -  -  [13/Mar/2015:13:46:48 +0000] "GET /geoserver/web/resources/org.geoserver.web.GeoServerBasePage/img/button-gradient.png HTTP/1.1" 200 239 
0:0:0:0:0:0:0:1 -  -  [13/Mar/2015:13:46:48 +0000] "GET /geoserver/web/resources/org.geoserver.web.GeoServerBasePage/img/main-wrap-bg.png HTTP/1.1" 200 2125 
0:0:0:0:0:0:0:1 -  -  [13/Mar/2015:13:46:48 +0000] "GET /geoserver/web/resources/org.geoserver.web.GeoServerBasePage/img/icons/silk/door_in.png HTTP/1.1" 200 571 
0:0:0:0:0:0:0:1 -  -  [13/Mar/2015:13:46:48 +0000] "GET /geoserver/web/resources/org.geoserver.web.GeoServerBasePage/img/main-bg.png HTTP/1.1" 200 580 
0:0:0:0:0:0:0:1 -  -  [13/Mar/2015:13:46:48 +0000] "GET /geoserver/web/resources/org.geoserver.web.GeoServerBasePage/img/page-bg.png HTTP/1.1" 200 2121 
0:0:0:0:0:0:0:1 -  -  [13/Mar/2015:13:46:48 +0000] "GET /geoserver/web/resources/org.geoserver.web.GeoServerBasePage/img/page-header-bg.png HTTP/1.1" 200 171 
0:0:0:0:0:0:0:1 -  -  [13/Mar/2015:13:46:48 +0000] "GET /geoserver/web/resources/org.geoserver.web.GeoServerBasePage/favicon.ico HTTP/1.1" 200 7406 
0:0:0:0:0:0:0:1 -  -  [13/Mar/2015:13:55:05 +0000] "GET /geoserver/ HTTP/1.0" 302 1367 
0:0:0:0:0:0:0:1 -  -  [13/Mar/2015:13:55:06 +0000] "GET /geoserver/index.html HTTP/1.0" 200 657 
0:0:0:0:0:0:0:1 -  -  [13/Mar/2015:14:04:17 +0000] "GET /geoserver/ HTTP/1.0" 302 1367 
0:0:0:0:0:0:0:1 -  -  [13/Mar/2015:14:04:18 +0000] "GET /geoserver/index.html HTTP/1.0" 200 657 
127.0.0.1 -  -  [13/Mar/2015:14:07:49 +0000] "GET /geoserver/ HTTP/1.0" 302 1367 
0:0:0:0:0:0:0:1 -  -  [13/Mar/2015:14:07:49 +0000] "GET /geoserver/index.html HTTP/1.0" 200 657 
